<?xml version="1.0" encoding="UTF-8"?>
<testng-results ignored="0" total="1" passed="1" failed="0" skipped="0">
  <reporter-output>
  </reporter-output>
  <suite started-at="2022-03-25T13:12:07 IST" name="Default suite" finished-at="2022-03-25T13:12:37 IST" duration-ms="30795">
    <groups>
    </groups>
    <test started-at="2022-03-25T13:12:07 IST" name="Default test" finished-at="2022-03-25T13:12:37 IST" duration-ms="30795">
      <class name="interview.Autosuggestion">
        <test-method signature="auto()[pri:0, instance:interview.Autosuggestion@36c88a32]" started-at="2022-03-25T13:12:07 IST" name="auto" finished-at="2022-03-25T13:12:37 IST" duration-ms="30488" status="PASS">
          <reporter-output>
          </reporter-output>
        </test-method> <!-- auto -->
      </class> <!-- interview.Autosuggestion -->
    </test> <!-- Default test -->
  </suite> <!-- Default suite -->
</testng-results>
